# JRE version: OpenJDK Runtime Environment (23.0+37) (build 23+37-2369)
# Java VM: OpenJDK 64-Bit Server VM (23+37-2369, mixed mode, sharing, tiered, compressed oops, compressed class ptrs, g1 gc, windows-amd64)
GC Precious Log:
 CardTable entry size: 512
 Card Set container configuration: InlinePtr #cards 5 size 8 Array Of Cards #cards 10 size 36 Howl #buckets 4 coarsen threshold 1843 Howl Bitmap #cards 512 size 80 coarsen threshold 460 Card regions per heap region 1 cards per card region 2048
 CPUs: 12 total, 12 available
 Memory: 7521M
 Large Page Support: Disabled
 NUMA Support: Disabled
 Compressed Oops: Enabled (32-bit)
 Heap Region Size: 1M
 Heap Min Capacity: 8M
 Heap Initial Capacity: 118M
 Heap Max Capacity: 1882M
 Pre-touch: Disabled
 Parallel Workers: 10
 Concurrent Workers: 3
 Concurrent Refinement Workers: 10
 Periodic GC: Disabled
Heap:
 garbage-first heap   total reserved 1927168K, committed 51200K, used 41212K [0x000000008a600000, 0x0000000100000000)
  region size 1024K, 15 young (15360K), 2 survivors (2048K)
 Metaspace       used 66176K, committed 66816K, reserved 1114112K
  class space    used 9124K, committed 9408K, reserved 1048576K
GC Heap History (20 events):
Event: 4.017 GC heap before
{Heap before GC invocations=4 (full 0):
 garbage-first heap   total reserved 1927168K, committed 51200K, used 38523K [0x000000008a600000, 0x0000000100000000)
  region size 1024K, 30 young (30720K), 7 survivors (7168K)
 Metaspace       used 24420K, committed 24832K, reserved 1114112K
  class space    used 3085K, committed 3264K, reserved 1048576K
}
Event: 4.025 GC heap after
{Heap after GC invocations=5 (full 0):
 garbage-first heap   total reserved 1927168K, committed 51200K, used 16354K [0x000000008a600000, 0x0000000100000000)
  region size 1024K, 3 young (3072K), 3 survivors (3072K)
 Metaspace       used 24420K, committed 24832K, reserved 1114112K
  class space    used 3085K, committed 3264K, reserved 1048576K
}
Event: 4.755 GC heap before
{Heap before GC invocations=5 (full 0):
 garbage-first heap   total reserved 1927168K, committed 51200K, used 37858K [0x000000008a600000, 0x0000000100000000)
  region size 1024K, 24 young (24576K), 3 survivors (3072K)
 Metaspace       used 28295K, committed 28800K, reserved 1114112K
  class space    used 3701K, committed 3904K, reserved 1048576K
}
Event: 4.761 GC heap after
{Heap after GC invocations=6 (full 0):
 garbage-first heap   total reserved 1927168K, committed 51200K, used 18813K [0x000000008a600000, 0x0000000100000000)
  region size 1024K, 3 young (3072K), 3 survivors (3072K)
 Metaspace       used 28295K, committed 28800K, reserved 1114112K
  class space    used 3701K, committed 3904K, reserved 1048576K
}
Event: 5.502 GC heap before
{Heap before GC invocations=6 (full 0):
 garbage-first heap   total reserved 1927168K, committed 51200K, used 39293K [0x000000008a600000, 0x0000000100000000)
  region size 1024K, 23 young (23552K), 3 survivors (3072K)
 Metaspace       used 31461K, committed 32000K, reserved 1114112K
  class space    used 4085K, committed 4352K, reserved 1048576K
}
Event: 5.506 GC heap after
{Heap after GC invocations=7 (full 0):
 garbage-first heap   total reserved 1927168K, committed 51200K, used 20206K [0x000000008a600000, 0x0000000100000000)
  region size 1024K, 2 young (2048K), 2 survivors (2048K)
 Metaspace       used 31461K, committed 32000K, reserved 1114112K
  class space    used 4085K, committed 4352K, reserved 1048576K
}
Event: 6.156 GC heap before
{Heap before GC invocations=7 (full 0):
 garbage-first heap   total reserved 1927168K, committed 51200K, used 38638K [0x000000008a600000, 0x0000000100000000)
  region size 1024K, 21 young (21504K), 2 survivors (2048K)
 Metaspace       used 35535K, committed 36096K, reserved 1114112K
  class space    used 4702K, committed 4928K, reserved 1048576K
}
Event: 6.159 GC heap after
{Heap after GC invocations=8 (full 0):
 garbage-first heap   total reserved 1927168K, committed 51200K, used 21294K [0x000000008a600000, 0x0000000100000000)
  region size 1024K, 3 young (3072K), 3 survivors (3072K)
 Metaspace       used 35535K, committed 36096K, reserved 1114112K
  class space    used 4702K, committed 4928K, reserved 1048576K
}
Event: 6.869 GC heap before
{Heap before GC invocations=9 (full 0):
 garbage-first heap   total reserved 1927168K, committed 51200K, used 41774K [0x000000008a600000, 0x0000000100000000)
  region size 1024K, 23 young (23552K), 3 survivors (3072K)
 Metaspace       used 40899K, committed 41408K, reserved 1114112K
  class space    used 5498K, committed 5696K, reserved 1048576K
}
Event: 6.874 GC heap after
{Heap after GC invocations=10 (full 0):
 garbage-first heap   total reserved 1927168K, committed 51200K, used 22560K [0x000000008a600000, 0x0000000100000000)
  region size 1024K, 3 young (3072K), 3 survivors (3072K)
 Metaspace       used 40899K, committed 41408K, reserved 1114112K
  class space    used 5498K, committed 5696K, reserved 1048576K
}
Event: 8.025 GC heap before
{Heap before GC invocations=10 (full 0):
 garbage-first heap   total reserved 1927168K, committed 51200K, used 42016K [0x000000008a600000, 0x0000000100000000)
  region size 1024K, 23 young (23552K), 3 survivors (3072K)
 Metaspace       used 49263K, committed 49856K, reserved 1114112K
  class space    used 6570K, committed 6848K, reserved 1048576K
}
Event: 8.030 GC heap after
{Heap after GC invocations=11 (full 0):
 garbage-first heap   total reserved 1927168K, committed 51200K, used 24435K [0x000000008a600000, 0x0000000100000000)
  region size 1024K, 3 young (3072K), 3 survivors (3072K)
 Metaspace       used 49263K, committed 49856K, reserved 1114112K
  class space    used 6570K, committed 6848K, reserved 1048576K
}
Event: 8.628 GC heap before
{Heap before GC invocations=11 (full 0):
 garbage-first heap   total reserved 1927168K, committed 51200K, used 42867K [0x000000008a600000, 0x0000000100000000)
  region size 1024K, 22 young (22528K), 3 survivors (3072K)
 Metaspace       used 55430K, committed 56000K, reserved 1114112K
  class space    used 7440K, committed 7680K, reserved 1048576K
}
Event: 8.633 GC heap after
{Heap after GC invocations=12 (full 0):
 garbage-first heap   total reserved 1927168K, committed 51200K, used 25750K [0x000000008a600000, 0x0000000100000000)
  region size 1024K, 2 young (2048K), 2 survivors (2048K)
 Metaspace       used 55430K, committed 56000K, reserved 1114112K
  class space    used 7440K, committed 7680K, reserved 1048576K
}
Event: 9.135 GC heap before
{Heap before GC invocations=12 (full 0):
 garbage-first heap   total reserved 1927168K, committed 51200K, used 41110K [0x000000008a600000, 0x0000000100000000)
  region size 1024K, 18 young (18432K), 2 survivors (2048K)
 Metaspace       used 59682K, committed 60288K, reserved 1114112K
  class space    used 8172K, committed 8448K, reserved 1048576K
}
Event: 9.138 GC heap after
{Heap after GC invocations=13 (full 0):
 garbage-first heap   total reserved 1927168K, committed 51200K, used 26161K [0x000000008a600000, 0x0000000100000000)
  region size 1024K, 2 young (2048K), 2 survivors (2048K)
 Metaspace       used 59682K, committed 60288K, reserved 1114112K
  class space    used 8172K, committed 8448K, reserved 1048576K
}
Event: 9.797 GC heap before
{Heap before GC invocations=14 (full 0):
 garbage-first heap   total reserved 1927168K, committed 51200K, used 45617K [0x000000008a600000, 0x0000000100000000)
  region size 1024K, 21 young (21504K), 2 survivors (2048K)
 Metaspace       used 62858K, committed 63488K, reserved 1114112K
  class space    used 8636K, committed 8896K, reserved 1048576K
}
Event: 9.802 GC heap after
{Heap after GC invocations=15 (full 0):
 garbage-first heap   total reserved 1927168K, committed 51200K, used 28029K [0x000000008a600000, 0x0000000100000000)
  region size 1024K, 3 young (3072K), 3 survivors (3072K)
 Metaspace       used 62858K, committed 63488K, reserved 1114112K
  class space    used 8636K, committed 8896K, reserved 1048576K
}
Event: 10.291 GC heap before
{Heap before GC invocations=15 (full 0):
 garbage-first heap   total reserved 1927168K, committed 51200K, used 44413K [0x000000008a600000, 0x0000000100000000)
  region size 1024K, 19 young (19456K), 3 survivors (3072K)
 Metaspace       used 65085K, committed 65792K, reserved 1114112K
  class space    used 8978K, committed 9280K, reserved 1048576K
}
Event: 10.297 GC heap after
{Heap after GC invocations=16 (full 0):
 garbage-first heap   total reserved 1927168K, committed 51200K, used 28924K [0x000000008a600000, 0x0000000100000000)
  region size 1024K, 2 young (2048K), 2 survivors (2048K)
 Metaspace       used 65085K, committed 65792K, reserved 1114112K
  class space    used 8978K, committed 9280K, reserved 1048576K
}

