<?xml version="1.0" encoding="UTF-8"?>
<testsuite xmlns:xsi="http://www.w3.org/2001/XMLSchema-instance" xsi:noNamespaceSchemaLocation="https://maven.apache.org/surefire/maven-surefire-plugin/xsd/surefire-test-report.xsd" version="3.0.2" name="com.APimanagement.TokenBasedAuthenticationApplicationTests" time="11.372" tests="1" errors="0" skipped="0" failures="0">
  <properties>
[...]
</properties>
  <testcase name="contextLoads" classname="com.APimanagement.TokenBasedAuthenticationApplicationTests" time="1.0">
    <system-out><![CDATA[12:59:57.726 [main] INFO org.springframework.test.context.support.AnnotationConfigContextLoaderUtils -- Could not detect default configuration classes for test class [com.APimanagement.TokenBasedAuthenticationApplicationTests]: TokenBasedAuthenticationApplicationTests does not declare any static, non-private, non-final, nested classes annotated with @Configuration.
12:59:57.970 [main] INFO org.springframework.boot.test.context.SpringBootTestContextBootstrapper -- Found @SpringBootConfiguration com.APimanagement.TokenBasedAuthenticationApplication for test class com.APimanagement.TokenBasedAuthenticationApplicationTests
12:59:58.372 [main] INFO org.springframework.boot.devtools.restart.RestartApplicationListener -- Restart disabled due to context in which it is running

  .   ____          _            __ _ _
 /\\ / ___'_ __ _ _(_)_ __  __ _ \ \ \ \
( ( )\___ | '_ | '_| | '_ \/ _` | \ \ \ \
 \\/  ___)| |_)| | | | | || (_| |  ) ) ) )
  '  |____| .__|_| |_|_| |_\__, | / / / /
 =========|_|==============|___/=/_/_/_/

 :: Spring Boot ::                (v3.4.0)

2024-12-06T12:59:58.937+05:30  WARN 45892 --- [Token_Based_Authentication] [           main] ory$DuplicateJsonObjectContextCustomizer : 

Found multiple occurrences of org.json.JSONObject on the class path:

	jar:file:/C:/Users/VISHAL28/.m2/repository/org/json/json/20210307/json-20210307.jar!/org/json/JSONObject.class
	jar:file:/C:/Users/VISHAL28/.m2/repository/com/vaadin/external/google/android-json/0.0.20131108.vaadin1/android-json-0.0.20131108.vaadin1.jar!/org/json/JSONObject.class

You may wish to exclude one of them to ensure predictable runtime behavior

2024-12-06T12:59:58.975+05:30  INFO 45892 --- [Token_Based_Authentication] [           main] TokenBasedAuthenticationApplicationTests : Starting TokenBasedAuthenticationApplicationTests using Java 21.0.4 with PID 45892 (started by VISHAL28 in C:\Users\VISHAL28\Documents\workspace-spring-tool-suite-4\Token_Based_Authentication)
2024-12-06T12:59:58.977+05:30  INFO 45892 --- [Token_Based_Authentication] [           main] TokenBasedAuthenticationApplicationTests : No active profile set, falling back to 1 default profile: "default"
2024-12-06T13:00:00.623+05:30  INFO 45892 --- [Token_Based_Authentication] [           main] .s.d.r.c.RepositoryConfigurationDelegate : Bootstrapping Spring Data JPA repositories in DEFAULT mode.
2024-12-06T13:00:00.735+05:30  INFO 45892 --- [Token_Based_Authentication] [           main] .s.d.r.c.RepositoryConfigurationDelegate : Finished Spring Data repository scanning in 93 ms. Found 1 JPA repository interface.
2024-12-06T13:00:01.740+05:30  INFO 45892 --- [Token_Based_Authentication] [           main] o.hibernate.jpa.internal.util.LogHelper  : HHH000204: Processing PersistenceUnitInfo [name: default]
2024-12-06T13:00:01.918+05:30  INFO 45892 --- [Token_Based_Authentication] [           main] org.hibernate.Version                    : HHH000412: Hibernate ORM core version 6.6.2.Final
2024-12-06T13:00:01.998+05:30  INFO 45892 --- [Token_Based_Authentication] [           main] o.h.c.internal.RegionFactoryInitiator    : HHH000026: Second-level cache disabled
2024-12-06T13:00:02.730+05:30  INFO 45892 --- [Token_Based_Authentication] [           main] o.s.o.j.p.SpringPersistenceUnitInfo      : No LoadTimeWeaver setup: ignoring JPA class transformer
2024-12-06T13:00:02.823+05:30  INFO 45892 --- [Token_Based_Authentication] [           main] com.zaxxer.hikari.HikariDataSource       : HikariPool-1 - Starting...
2024-12-06T13:00:03.649+05:30  INFO 45892 --- [Token_Based_Authentication] [           main] com.zaxxer.hikari.pool.HikariPool        : HikariPool-1 - Added connection com.mysql.cj.jdbc.ConnectionImpl@1f75fd1d
2024-12-06T13:00:03.654+05:30  INFO 45892 --- [Token_Based_Authentication] [           main] com.zaxxer.hikari.HikariDataSource       : HikariPool-1 - Start completed.
2024-12-06T13:00:03.844+05:30  INFO 45892 --- [Token_Based_Authentication] [           main] org.hibernate.orm.connections.pooling    : HHH10001005: Database info:
	Database JDBC URL [Connecting through datasource 'HikariDataSource (HikariPool-1)']
	Database driver: undefined/unknown
	Database version: 8.0.40
	Autocommit mode: undefined/unknown
	Isolation level: undefined/unknown
	Minimum pool size: undefined/unknown
	Maximum pool size: undefined/unknown
2024-12-06T13:00:05.439+05:30  INFO 45892 --- [Token_Based_Authentication] [           main] o.h.e.t.j.p.i.JtaPlatformInitiator       : HHH000489: No JTA platform available (set 'hibernate.transaction.jta.platform' to enable JTA platform integration)
2024-12-06T13:00:05.561+05:30  INFO 45892 --- [Token_Based_Authentication] [           main] j.LocalContainerEntityManagerFactoryBean : Initialized JPA EntityManagerFactory for persistence unit 'default'
2024-12-06T13:00:06.223+05:30  INFO 45892 --- [Token_Based_Authentication] [           main] eAuthenticationProviderManagerConfigurer : Global AuthenticationManager configured with AuthenticationProvider bean with name authenticationProvider
2024-12-06T13:00:06.224+05:30  WARN 45892 --- [Token_Based_Authentication] [           main] r$InitializeUserDetailsManagerConfigurer : Global AuthenticationManager configured with an AuthenticationProvider bean. UserDetailsService beans will not be used by Spring Security for automatically configuring username/password login. Consider removing the AuthenticationProvider bean. Alternatively, consider using the UserDetailsService in a manually instantiated DaoAuthenticationProvider. If the current configuration is intentional, to turn off this warning, increase the logging level of 'org.springframework.security.config.annotation.authentication.configuration.InitializeUserDetailsBeanManagerConfigurer' to ERROR
2024-12-06T13:00:06.306+05:30  WARN 45892 --- [Token_Based_Authentication] [           main] JpaBaseConfiguration$JpaWebConfiguration : spring.jpa.open-in-view is enabled by default. Therefore, database queries may be performed during view rendering. Explicitly configure spring.jpa.open-in-view to disable this warning
2024-12-06T13:00:07.653+05:30  INFO 45892 --- [Token_Based_Authentication] [           main] TokenBasedAuthenticationApplicationTests : Started TokenBasedAuthenticationApplicationTests in 9.312 seconds (process running for 11.91)
]]></system-out>
    <system-err><![CDATA[Mockito is currently self-attaching to enable the inline-mock-maker. This will no longer work in future releases of the JDK. Please add Mockito as an agent to your build what is described in Mockito's documentation: https://javadoc.io/doc/org.mockito/mockito-core/latest/org/mockito/Mockito.html#0.3
WARNING: A Java agent has been loaded dynamically (C:\Users\VISHAL28\.m2\repository\net\bytebuddy\byte-buddy-agent\1.15.10\byte-buddy-agent-1.15.10.jar)
WARNING: If a serviceability tool is in use, please run with -XX:+EnableDynamicAgentLoading to hide this warning
WARNING: If a serviceability tool is not in use, please run with -Djdk.instrument.traceUsage for more information
WARNING: Dynamic loading of agents will be disallowed by default in a future release
]]></system-err>
  </testcase>
</testsuite>